{
  "RSpec": {
    "coverage": {
      "/Users/viveksriram/RailsPractice/post-api/spec/support/api_helpers.rb": {
        "lines": [
          1,
          1,
          3,
          null,
          null
        ]
      },
      "/Users/viveksriram/RailsPractice/post-api/spec/requests/get_posts_spec.rb": {
        "lines": [
          1,
          null,
          1,
          1,
          1,
          2,
          2,
          null,
          null,
          1,
          1,
          null,
          null,
          1,
          1,
          null,
          null,
          null
        ]
      },
      "/Users/viveksriram/RailsPractice/post-api/spec/requests/post_posts_spec.rb": {
        "lines": [
          1,
          null,
          1,
          1,
          1,
          4,
          null,
          1,
          3,
          null,
          null,
          null,
          null,
          null,
          null,
          null,
          1,
          1,
          null,
          null,
          1,
          1,
          null,
          null,
          1,
          1,
          null,
          null,
          null,
          1,
          1,
          1,
          null,
          null,
          null,
          null,
          null,
          null,
          null,
          1,
          1,
          null,
          null,
          null,
          null
        ]
      },
      "/Users/viveksriram/RailsPractice/post-api/app/models/post.rb": {
        "lines": [
          1,
          1,
          null
        ]
      },
      "/Users/viveksriram/RailsPractice/post-api/app/models/application_record.rb": {
        "lines": [
          1,
          1,
          null
        ]
      },
      "/Users/viveksriram/RailsPractice/post-api/app/controllers/api/v1/posts_controller.rb": {
        "lines": [
          1,
          1,
          2,
          2,
          null,
          null,
          1,
          4,
          null,
          4,
          3,
          null,
          1,
          null,
          null,
          null,
          1,
          1,
          1,
          1,
          null,
          null,
          1,
          null,
          1,
          4,
          null,
          null
        ]
      },
      "/Users/viveksriram/RailsPractice/post-api/app/controllers/application_controller.rb": {
        "lines": [
          1,
          null
        ]
      }
    },
    "timestamp": 1701715701
  }
}
